<?xml version="1.0" encoding="UTF-8"?>
<!-- Generated by org.testng.reporters.JUnitReportReporter -->
<testsuite skipped="17" hostname="AMAZUQATEST1" name="suite.test.CheckoutTest" tests="18" failures="0" timestamp="11 Feb 2021 14:09:16 GMT" time="87.383" errors="1">
  <testcase name="GuestUser_GroundShipping_Visa" time="87.383" classname="suite.test.CheckoutTest">
    <error type="org.openqa.selenium.TimeoutException" message="Expected condition failed: waiting for visibility of [[FirefoxDriver: firefox on WINDOWS (12cb1252-8114-4714-bfc4-4ba1509136ac)] -&gt; id: cciFrame] (tried for 20 second(s) with 500 milliseconds interval)
Build info: version: &#039;3.141.59&#039;, revision: &#039;e82be7d358&#039;, time: &#039;2018-11-14T08:17:03&#039;
System info: host: &#039;AMAZUQATEST1&#039;, ip: &#039;10.72.50.24&#039;, os.name: &#039;Windows Server 2019&#039;, os.arch: &#039;amd64&#039;, os.version: &#039;10.0&#039;, java.version: &#039;1.8.0_231&#039;
Driver info: org.openqa.selenium.support.events.EventFiringWebDriver
Capabilities {acceptInsecureCerts: true, browserName: firefox, browserVersion: 85.0.2, javascriptEnabled: true, moz:accessibilityChecks: false, moz:buildID: 20210208133944, moz:geckodriverVersion: 0.29.0, moz:headless: false, moz:processID: 62940, moz:profile: C:\Users\abhawsar\AppData\L..., moz:shutdownTimeout: 60000, moz:useNonSpecCompliantPointerOrigin: false, moz:webdriverClick: true, pageLoadStrategy: normal, platform: WINDOWS, platformName: WINDOWS, platformVersion: 10.0, rotatable: false, setWindowRect: true, strictFileInteractability: false, timeouts: {implicit: 0, pageLoad: 300000, script: 30000}, unhandledPromptBehavior: accept}
Session ID: 12cb1252-8114-4714-bfc4-4ba1509136ac">
      <![CDATA[org.openqa.selenium.TimeoutException: Expected condition failed: waiting for visibility of [[FirefoxDriver: firefox on WINDOWS (12cb1252-8114-4714-bfc4-4ba1509136ac)] -> id: cciFrame] (tried for 20 second(s) with 500 milliseconds interval)
Build info: version: '3.141.59', revision: 'e82be7d358', time: '2018-11-14T08:17:03'
System info: host: 'AMAZUQATEST1', ip: '10.72.50.24', os.name: 'Windows Server 2019', os.arch: 'amd64', os.version: '10.0', java.version: '1.8.0_231'
Driver info: org.openqa.selenium.support.events.EventFiringWebDriver
Capabilities {acceptInsecureCerts: true, browserName: firefox, browserVersion: 85.0.2, javascriptEnabled: true, moz:accessibilityChecks: false, moz:buildID: 20210208133944, moz:geckodriverVersion: 0.29.0, moz:headless: false, moz:processID: 62940, moz:profile: C:\Users\abhawsar\AppData\L..., moz:shutdownTimeout: 60000, moz:useNonSpecCompliantPointerOrigin: false, moz:webdriverClick: true, pageLoadStrategy: normal, platform: WINDOWS, platformName: WINDOWS, platformVersion: 10.0, rotatable: false, setWindowRect: true, strictFileInteractability: false, timeouts: {implicit: 0, pageLoad: 300000, script: 30000}, unhandledPromptBehavior: accept}
Session ID: 12cb1252-8114-4714-bfc4-4ba1509136ac
at org.openqa.selenium.support.ui.WebDriverWait.timeoutException(WebDriverWait.java:95)
at org.openqa.selenium.support.ui.FluentWait.until(FluentWait.java:272)
at suite.base.PageBase.getWebElement(PageBase.java:147)
at suite.page.CheckoutPage.switchToPaymentIframe(CheckoutPage.java:693)
at suite.test.CheckoutTest.GuestUser_GroundShipping_Visa(CheckoutTest.java:120)
at sun.reflect.NativeMethodAccessorImpl.invoke0(Native Method)
at sun.reflect.NativeMethodAccessorImpl.invoke(NativeMethodAccessorImpl.java:62)
at sun.reflect.DelegatingMethodAccessorImpl.invoke(DelegatingMethodAccessorImpl.java:43)
at java.lang.reflect.Method.invoke(Method.java:498)
at org.testng.internal.MethodInvocationHelper.invokeMethod(MethodInvocationHelper.java:124)
at org.testng.internal.Invoker.invokeMethod(Invoker.java:583)
at org.testng.internal.Invoker.invokeTestMethod(Invoker.java:719)
at org.testng.internal.Invoker.invokeTestMethods(Invoker.java:989)
at org.testng.internal.TestMethodWorker.invokeTestMethods(TestMethodWorker.java:125)
at org.testng.internal.TestMethodWorker.run(TestMethodWorker.java:109)
at org.testng.TestRunner.privateRun(TestRunner.java:648)
at org.testng.TestRunner.run(TestRunner.java:505)
at org.testng.SuiteRunner.runTest(SuiteRunner.java:455)
at org.testng.SuiteRunner.runSequentially(SuiteRunner.java:450)
at org.testng.SuiteRunner.privateRun(SuiteRunner.java:415)
at org.testng.SuiteRunner.run(SuiteRunner.java:364)
at org.testng.SuiteRunnerWorker.runSuite(SuiteRunnerWorker.java:52)
at org.testng.SuiteRunnerWorker.run(SuiteRunnerWorker.java:84)
at org.testng.TestNG.runSuitesSequentially(TestNG.java:1208)
at org.testng.TestNG.runSuitesLocally(TestNG.java:1137)
at org.testng.TestNG.runSuites(TestNG.java:1049)
at org.testng.TestNG.run(TestNG.java:1017)
at org.testng.remote.AbstractRemoteTestNG.run(AbstractRemoteTestNG.java:115)
at org.testng.remote.RemoteTestNG.initAndRun(RemoteTestNG.java:251)
at org.testng.remote.RemoteTestNG.main(RemoteTestNG.java:77)
]]>
    </error>
  </testcase> <!-- GuestUser_GroundShipping_Visa -->
  <testcase name="Guestuser_GroundShipping_Paypal" classname="suite.test.CheckoutTest">
    <skipped/>
  </testcase> <!-- Guestuser_GroundShipping_Paypal -->
  <testcase name="GuestUser_NextShipping_Visa" classname="suite.test.CheckoutTest">
    <skipped/>
  </testcase> <!-- GuestUser_NextShipping_Visa -->
  <testcase name="GuestUser_GroundShipping_PayPalCredit" classname="suite.test.CheckoutTest">
    <skipped/>
  </testcase> <!-- GuestUser_GroundShipping_PayPalCredit -->
  <testcase name="GuestUser_NextDayShipping_PayPalCredit" classname="suite.test.CheckoutTest">
    <skipped/>
  </testcase> <!-- GuestUser_NextDayShipping_PayPalCredit -->
  <testcase name="GuestUser_SecondShipping_Amex" classname="suite.test.CheckoutTest">
    <skipped/>
  </testcase> <!-- GuestUser_SecondShipping_Amex -->
  <testcase name="GuestUser_SecondDayShipping_PayPalCredit" classname="suite.test.CheckoutTest">
    <skipped/>
  </testcase> <!-- GuestUser_SecondDayShipping_PayPalCredit -->
  <testcase name="GuestUser_NextShipping_Master" classname="suite.test.CheckoutTest">
    <skipped/>
  </testcase> <!-- GuestUser_NextShipping_Master -->
  <testcase name="Guestuser_SecondShipping_Paypal" classname="suite.test.CheckoutTest">
    <skipped/>
  </testcase> <!-- Guestuser_SecondShipping_Paypal -->
  <testcase name="GuestUser_NextShipping_Amex" classname="suite.test.CheckoutTest">
    <skipped/>
  </testcase> <!-- GuestUser_NextShipping_Amex -->
  <testcase name="GuestUser_GroundShipping_Disc" classname="suite.test.CheckoutTest">
    <skipped/>
  </testcase> <!-- GuestUser_GroundShipping_Disc -->
  <testcase name="GuestUser_SecondShipping_Disc" classname="suite.test.CheckoutTest">
    <skipped/>
  </testcase> <!-- GuestUser_SecondShipping_Disc -->
  <testcase name="GuestUser_GroundShipping_Master" classname="suite.test.CheckoutTest">
    <skipped/>
  </testcase> <!-- GuestUser_GroundShipping_Master -->
  <testcase name="GuestUser_SecondShipping_Visa" classname="suite.test.CheckoutTest">
    <skipped/>
  </testcase> <!-- GuestUser_SecondShipping_Visa -->
  <testcase name="GuestUser_GroundShipping_Amex" classname="suite.test.CheckoutTest">
    <skipped/>
  </testcase> <!-- GuestUser_GroundShipping_Amex -->
  <testcase name="Guestuser_NextShipping_Paypal" classname="suite.test.CheckoutTest">
    <skipped/>
  </testcase> <!-- Guestuser_NextShipping_Paypal -->
  <testcase name="GuestUser_NextShipping_Disc" classname="suite.test.CheckoutTest">
    <skipped/>
  </testcase> <!-- GuestUser_NextShipping_Disc -->
  <testcase name="GuestUser_SecondShipping_Master" classname="suite.test.CheckoutTest">
    <skipped/>
  </testcase> <!-- GuestUser_SecondShipping_Master -->
</testsuite> <!-- suite.test.CheckoutTest -->
