<?xml version="1.0" encoding="UTF-8"?>
<!-- Generated by org.testng.reporters.JUnitReportReporter -->
<testsuite skipped="13" hostname="AMAZUQATEST1" name="suite.test.Pdp_BMG_Test" tests="17" failures="0" timestamp="19 Jan 2021 10:13:25 GMT" time="288.807" errors="1">
  <testcase name="pdp_bmg_2" time="35.544" classname="suite.test.Pdp_BMG_Test"/>
  <testcase name="pdp_bmg_12" time="35.835" classname="suite.test.Pdp_BMG_Test"/>
  <testcase name="pdp_bmg_11" time="32.695" classname="suite.test.Pdp_BMG_Test"/>
  <testcase name="pdp_bmg_10" time="184.733" classname="suite.test.Pdp_BMG_Test">
    <error type="org.openqa.selenium.TimeoutException" message="Expected condition failed: waiting for visibility of Proxy element for: DefaultElementLocator &#039;By.cssSelector: .janus-s-p-titles &gt; a&#039; (tried for 20 second(s) with 500 milliseconds interval)">
      <![CDATA[org.openqa.selenium.TimeoutException: Expected condition failed: waiting for visibility of Proxy element for: DefaultElementLocator 'By.cssSelector: .janus-s-p-titles > a' (tried for 20 second(s) with 500 milliseconds interval)
at org.openqa.selenium.support.ui.WebDriverWait.timeoutException(WebDriverWait.java:95)
at org.openqa.selenium.support.ui.FluentWait.until(FluentWait.java:272)
at suite.base.PageBase.getWebElement(PageBase.java:147)
at suite.base.PageBase.getText(PageBase.java:218)
at suite.page.Pdp_BMG_Page.getSupportPageTitleTxt(Pdp_BMG_Page.java:429)
at suite.test.Pdp_BMG_Test.pdp_bmg_10(Pdp_BMG_Test.java:196)
at sun.reflect.NativeMethodAccessorImpl.invoke0(Native Method)
at sun.reflect.NativeMethodAccessorImpl.invoke(NativeMethodAccessorImpl.java:62)
at sun.reflect.DelegatingMethodAccessorImpl.invoke(DelegatingMethodAccessorImpl.java:43)
at java.lang.reflect.Method.invoke(Method.java:498)
at org.testng.internal.MethodInvocationHelper.invokeMethod(MethodInvocationHelper.java:124)
at org.testng.internal.Invoker.invokeMethod(Invoker.java:583)
at org.testng.internal.Invoker.invokeTestMethod(Invoker.java:719)
at org.testng.internal.Invoker.invokeTestMethods(Invoker.java:989)
at org.testng.internal.TestMethodWorker.invokeTestMethods(TestMethodWorker.java:125)
at org.testng.internal.TestMethodWorker.run(TestMethodWorker.java:109)
at org.testng.TestRunner.privateRun(TestRunner.java:648)
at org.testng.TestRunner.run(TestRunner.java:505)
at org.testng.SuiteRunner.runTest(SuiteRunner.java:455)
at org.testng.SuiteRunner.runSequentially(SuiteRunner.java:450)
at org.testng.SuiteRunner.privateRun(SuiteRunner.java:415)
at org.testng.SuiteRunner.run(SuiteRunner.java:364)
at org.testng.SuiteRunnerWorker.runSuite(SuiteRunnerWorker.java:52)
at org.testng.SuiteRunnerWorker.run(SuiteRunnerWorker.java:84)
at org.testng.TestNG.runSuitesSequentially(TestNG.java:1208)
at org.testng.TestNG.runSuitesLocally(TestNG.java:1137)
at org.testng.TestNG.runSuites(TestNG.java:1049)
at org.testng.TestNG.run(TestNG.java:1017)
at org.testng.remote.AbstractRemoteTestNG.run(AbstractRemoteTestNG.java:115)
at org.testng.remote.RemoteTestNG.initAndRun(RemoteTestNG.java:251)
at org.testng.remote.RemoteTestNG.main(RemoteTestNG.java:77)
Caused by: org.openqa.selenium.NoSuchElementException: no such element: Unable to locate element: {"method":"css selector","selector":".janus-s-p-titles > a"}
  (Session info: chrome=87.0.4280.141)
For documentation on this error, please visit: https://www.seleniumhq.org/exceptions/no_such_element.html
Build info: version: '3.141.59', revision: 'e82be7d358', time: '2018-11-14T08:17:03'
System info: host: 'AMAZUQATEST1', ip: '10.72.50.24', os.name: 'Windows Server 2019', os.arch: 'amd64', os.version: '10.0', java.version: '1.8.0_231'
Driver info: org.openqa.selenium.chrome.ChromeDriver
Capabilities {acceptInsecureCerts: false, browserName: chrome, browserVersion: 87.0.4280.141, chrome: {chromedriverVersion: 87.0.4280.88 (89e2380a3e36c..., userDataDir: C:\Users\abhawsar\AppData\L...}, goog:chromeOptions: {debuggerAddress: localhost:58686}, javascriptEnabled: true, networkConnectionEnabled: false, pageLoadStrategy: normal, platform: WINDOWS, platformName: WINDOWS, proxy: Proxy(), setWindowRect: true, strictFileInteractability: false, timeouts: {implicit: 0, pageLoad: 300000, script: 30000}, unhandledPromptBehavior: accept, webauthn:virtualAuthenticators: true}
Session ID: 215a4e186fd1ce699e10a4cf531df1bd
*** Element info: {Using=css selector, value=.janus-s-p-titles > a}
at sun.reflect.GeneratedConstructorAccessor28.newInstance(Unknown Source)
at sun.reflect.DelegatingConstructorAccessorImpl.newInstance(DelegatingConstructorAccessorImpl.java:45)
at java.lang.reflect.Constructor.newInstance(Constructor.java:423)
at org.openqa.selenium.remote.http.W3CHttpResponseCodec.createException(W3CHttpResponseCodec.java:187)
at org.openqa.selenium.remote.http.W3CHttpResponseCodec.decode(W3CHttpResponseCodec.java:122)
at org.openqa.selenium.remote.http.W3CHttpResponseCodec.decode(W3CHttpResponseCodec.java:49)
at org.openqa.selenium.remote.HttpCommandExecutor.execute(HttpCommandExecutor.java:158)
at org.openqa.selenium.remote.service.DriverCommandExecutor.execute(DriverCommandExecutor.java:83)
at org.openqa.selenium.remote.RemoteWebDriver.execute(RemoteWebDriver.java:552)
at org.openqa.selenium.remote.RemoteWebDriver.findElement(RemoteWebDriver.java:323)
at org.openqa.selenium.remote.RemoteWebDriver.findElementByCssSelector(RemoteWebDriver.java:420)
at org.openqa.selenium.By$ByCssSelector.findElement(By.java:431)
at org.openqa.selenium.remote.RemoteWebDriver.findElement(RemoteWebDriver.java:315)
at sun.reflect.GeneratedMethodAccessor2.invoke(Unknown Source)
at sun.reflect.DelegatingMethodAccessorImpl.invoke(DelegatingMethodAccessorImpl.java:43)
at java.lang.reflect.Method.invoke(Method.java:498)
at org.openqa.selenium.support.events.EventFiringWebDriver.lambda$new$1(EventFiringWebDriver.java:105)
at com.sun.proxy.$Proxy10.findElement(Unknown Source)
at org.openqa.selenium.support.events.EventFiringWebDriver.findElement(EventFiringWebDriver.java:194)
at org.openqa.selenium.support.pagefactory.DefaultElementLocator.findElement(DefaultElementLocator.java:69)
at org.openqa.selenium.support.pagefactory.internal.LocatingElementHandler.invoke(LocatingElementHandler.java:38)
at com.sun.proxy.$Proxy15.isDisplayed(Unknown Source)
at org.openqa.selenium.support.ui.ExpectedConditions.elementIfVisible(ExpectedConditions.java:314)
at org.openqa.selenium.support.ui.ExpectedConditions.access$000(ExpectedConditions.java:43)
at org.openqa.selenium.support.ui.ExpectedConditions$10.apply(ExpectedConditions.java:300)
at org.openqa.selenium.support.ui.ExpectedConditions$10.apply(ExpectedConditions.java:297)
at org.openqa.selenium.support.ui.FluentWait.until(FluentWait.java:249)
... 29 more
]]>
    </error>
  </testcase> <!-- pdp_bmg_10 -->
  <testcase name="pdp_bmg_6" classname="suite.test.Pdp_BMG_Test">
    <skipped/>
  </testcase> <!-- pdp_bmg_6 -->
  <testcase name="pdp_bmg_9" classname="suite.test.Pdp_BMG_Test">
    <skipped/>
  </testcase> <!-- pdp_bmg_9 -->
  <testcase name="pdp_bmg_8" classname="suite.test.Pdp_BMG_Test">
    <skipped/>
  </testcase> <!-- pdp_bmg_8 -->
  <testcase name="pdp_bmg_15" classname="suite.test.Pdp_BMG_Test">
    <skipped/>
  </testcase> <!-- pdp_bmg_15 -->
  <testcase name="pdp_bmg_16" classname="suite.test.Pdp_BMG_Test">
    <skipped/>
  </testcase> <!-- pdp_bmg_16 -->
  <testcase name="pdp_bmg_13" classname="suite.test.Pdp_BMG_Test">
    <skipped/>
  </testcase> <!-- pdp_bmg_13 -->
  <testcase name="pdp_bmg_17" classname="suite.test.Pdp_BMG_Test">
    <skipped/>
  </testcase> <!-- pdp_bmg_17 -->
  <testcase name="pdp_bmg_5" classname="suite.test.Pdp_BMG_Test">
    <skipped/>
  </testcase> <!-- pdp_bmg_5 -->
  <testcase name="pdp_bmg_4" classname="suite.test.Pdp_BMG_Test">
    <skipped/>
  </testcase> <!-- pdp_bmg_4 -->
  <testcase name="pdp_bmg_7" classname="suite.test.Pdp_BMG_Test">
    <skipped/>
  </testcase> <!-- pdp_bmg_7 -->
  <testcase name="pdp_bmg_14" classname="suite.test.Pdp_BMG_Test">
    <skipped/>
  </testcase> <!-- pdp_bmg_14 -->
  <testcase name="pdp_bmg_1" classname="suite.test.Pdp_BMG_Test">
    <skipped/>
  </testcase> <!-- pdp_bmg_1 -->
  <testcase name="pdp_bmg_3" classname="suite.test.Pdp_BMG_Test">
    <skipped/>
  </testcase> <!-- pdp_bmg_3 -->
</testsuite> <!-- suite.test.Pdp_BMG_Test -->
