<?xml version="1.0" encoding="UTF-8"?>
<!-- Generated by org.testng.reporters.JUnitReportReporter -->
<testsuite skipped="18" hostname="AMAZUQATEST1" name="suite.test.RegisteredCheckoutTest" tests="19" failures="0" timestamp="24 Feb 2021 12:05:29 GMT" time="172.258" errors="1">
  <testcase name="RegisteredUser_NextShipping_Disc" time="172.258" classname="suite.test.RegisteredCheckoutTest">
    <error type="org.openqa.selenium.WebDriverException" message="chrome not reachable
  (Session info: chrome=88.0.4324.182)
Build info: version: &#039;3.141.59&#039;, revision: &#039;e82be7d358&#039;, time: &#039;2018-11-14T08:17:03&#039;
System info: host: &#039;AMAZUQATEST1&#039;, ip: &#039;10.72.50.24&#039;, os.name: &#039;Windows Server 2019&#039;, os.arch: &#039;amd64&#039;, os.version: &#039;10.0&#039;, java.version: &#039;1.8.0_231&#039;
Driver info: org.openqa.selenium.chrome.ChromeDriver
Capabilities {acceptInsecureCerts: false, browserName: chrome, browserVersion: 88.0.4324.182, chrome: {chromedriverVersion: 88.0.4324.96 (68dba2d8a0b14..., userDataDir: C:\Users\kjain\AppData\Loca...}, goog:chromeOptions: {debuggerAddress: localhost:51712}, javascriptEnabled: true, networkConnectionEnabled: false, pageLoadStrategy: normal, platform: WINDOWS, platformName: WINDOWS, proxy: Proxy(), setWindowRect: true, strictFileInteractability: false, timeouts: {implicit: 0, pageLoad: 300000, script: 30000}, unhandledPromptBehavior: accept, webauthn:extension:largeBlob: true, webauthn:virtualAuthenticators: true}
Session ID: 4c29c438ce959bde58541db1fa1adc0e
*** Element info: {Using=css selector, value=div.container&gt;h3&gt;strong#sapOrderId}">
      <![CDATA[org.openqa.selenium.WebDriverException: chrome not reachable
  (Session info: chrome=88.0.4324.182)
Build info: version: '3.141.59', revision: 'e82be7d358', time: '2018-11-14T08:17:03'
System info: host: 'AMAZUQATEST1', ip: '10.72.50.24', os.name: 'Windows Server 2019', os.arch: 'amd64', os.version: '10.0', java.version: '1.8.0_231'
Driver info: org.openqa.selenium.chrome.ChromeDriver
Capabilities {acceptInsecureCerts: false, browserName: chrome, browserVersion: 88.0.4324.182, chrome: {chromedriverVersion: 88.0.4324.96 (68dba2d8a0b14..., userDataDir: C:\Users\kjain\AppData\Loca...}, goog:chromeOptions: {debuggerAddress: localhost:51712}, javascriptEnabled: true, networkConnectionEnabled: false, pageLoadStrategy: normal, platform: WINDOWS, platformName: WINDOWS, proxy: Proxy(), setWindowRect: true, strictFileInteractability: false, timeouts: {implicit: 0, pageLoad: 300000, script: 30000}, unhandledPromptBehavior: accept, webauthn:extension:largeBlob: true, webauthn:virtualAuthenticators: true}
Session ID: 4c29c438ce959bde58541db1fa1adc0e
*** Element info: {Using=css selector, value=div.container>h3>strong#sapOrderId}
at sun.reflect.NativeConstructorAccessorImpl.newInstance0(Native Method)
at sun.reflect.NativeConstructorAccessorImpl.newInstance(NativeConstructorAccessorImpl.java:62)
at sun.reflect.DelegatingConstructorAccessorImpl.newInstance(DelegatingConstructorAccessorImpl.java:45)
at java.lang.reflect.Constructor.newInstance(Constructor.java:423)
at org.openqa.selenium.remote.http.W3CHttpResponseCodec.createException(W3CHttpResponseCodec.java:187)
at org.openqa.selenium.remote.http.W3CHttpResponseCodec.decode(W3CHttpResponseCodec.java:122)
at org.openqa.selenium.remote.http.W3CHttpResponseCodec.decode(W3CHttpResponseCodec.java:49)
at org.openqa.selenium.remote.HttpCommandExecutor.execute(HttpCommandExecutor.java:158)
at org.openqa.selenium.remote.service.DriverCommandExecutor.execute(DriverCommandExecutor.java:83)
at org.openqa.selenium.remote.RemoteWebDriver.execute(RemoteWebDriver.java:552)
at org.openqa.selenium.remote.RemoteWebDriver.findElement(RemoteWebDriver.java:323)
at org.openqa.selenium.remote.RemoteWebDriver.findElementByCssSelector(RemoteWebDriver.java:420)
at org.openqa.selenium.By$ByCssSelector.findElement(By.java:431)
at org.openqa.selenium.remote.RemoteWebDriver.findElement(RemoteWebDriver.java:315)
at sun.reflect.GeneratedMethodAccessor2.invoke(Unknown Source)
at sun.reflect.DelegatingMethodAccessorImpl.invoke(DelegatingMethodAccessorImpl.java:43)
at java.lang.reflect.Method.invoke(Method.java:498)
at org.openqa.selenium.support.events.EventFiringWebDriver.lambda$new$1(EventFiringWebDriver.java:105)
at com.sun.proxy.$Proxy10.findElement(Unknown Source)
at org.openqa.selenium.support.events.EventFiringWebDriver.findElement(EventFiringWebDriver.java:194)
at org.openqa.selenium.support.pagefactory.DefaultElementLocator.findElement(DefaultElementLocator.java:69)
at org.openqa.selenium.support.pagefactory.internal.LocatingElementHandler.invoke(LocatingElementHandler.java:38)
at com.sun.proxy.$Proxy14.isDisplayed(Unknown Source)
at org.openqa.selenium.support.ui.ExpectedConditions.elementIfVisible(ExpectedConditions.java:314)
at org.openqa.selenium.support.ui.ExpectedConditions.access$000(ExpectedConditions.java:43)
at org.openqa.selenium.support.ui.ExpectedConditions$10.apply(ExpectedConditions.java:300)
at org.openqa.selenium.support.ui.ExpectedConditions$10.apply(ExpectedConditions.java:297)
at org.openqa.selenium.support.ui.FluentWait.until(FluentWait.java:249)
at suite.base.PageBase.getWebElement(PageBase.java:145)
at suite.base.PageBase.getText(PageBase.java:224)
at suite.page.CheckoutPage.getOrderId(CheckoutPage.java:1211)
at suite.test.RegisteredCheckoutTest.RegisteredUser_NextShipping_Disc(RegisteredCheckoutTest.java:619)
at sun.reflect.NativeMethodAccessorImpl.invoke0(Native Method)
at sun.reflect.NativeMethodAccessorImpl.invoke(NativeMethodAccessorImpl.java:62)
at sun.reflect.DelegatingMethodAccessorImpl.invoke(DelegatingMethodAccessorImpl.java:43)
at java.lang.reflect.Method.invoke(Method.java:498)
at org.testng.internal.MethodInvocationHelper.invokeMethod(MethodInvocationHelper.java:124)
at org.testng.internal.Invoker.invokeMethod(Invoker.java:583)
at org.testng.internal.Invoker.invokeTestMethod(Invoker.java:719)
at org.testng.internal.Invoker.invokeTestMethods(Invoker.java:989)
at org.testng.internal.TestMethodWorker.invokeTestMethods(TestMethodWorker.java:125)
at org.testng.internal.TestMethodWorker.run(TestMethodWorker.java:109)
at org.testng.TestRunner.privateRun(TestRunner.java:648)
at org.testng.TestRunner.run(TestRunner.java:505)
at org.testng.SuiteRunner.runTest(SuiteRunner.java:455)
at org.testng.SuiteRunner.runSequentially(SuiteRunner.java:450)
at org.testng.SuiteRunner.privateRun(SuiteRunner.java:415)
at org.testng.SuiteRunner.run(SuiteRunner.java:364)
at org.testng.SuiteRunnerWorker.runSuite(SuiteRunnerWorker.java:52)
at org.testng.SuiteRunnerWorker.run(SuiteRunnerWorker.java:84)
at org.testng.TestNG.runSuitesSequentially(TestNG.java:1208)
at org.testng.TestNG.runSuitesLocally(TestNG.java:1137)
at org.testng.TestNG.runSuites(TestNG.java:1049)
at org.testng.TestNG.run(TestNG.java:1017)
at org.testng.remote.AbstractRemoteTestNG.run(AbstractRemoteTestNG.java:115)
at org.testng.remote.RemoteTestNG.initAndRun(RemoteTestNG.java:251)
at org.testng.remote.RemoteTestNG.main(RemoteTestNG.java:77)
]]>
    </error>
  </testcase> <!-- RegisteredUser_NextShipping_Disc -->
  <testcase name="RegisteredUser_SecondShipping_Amex" classname="suite.test.RegisteredCheckoutTest">
    <skipped/>
  </testcase> <!-- RegisteredUser_SecondShipping_Amex -->
  <testcase name="RegisteredUser_NextDayShipping_Paypal" classname="suite.test.RegisteredCheckoutTest">
    <skipped/>
  </testcase> <!-- RegisteredUser_NextDayShipping_Paypal -->
  <testcase name="RegisteredUser_GroundShipping_Master" classname="suite.test.RegisteredCheckoutTest">
    <skipped/>
  </testcase> <!-- RegisteredUser_GroundShipping_Master -->
  <testcase name="RegisteredUser_NextShipping_Master" classname="suite.test.RegisteredCheckoutTest">
    <skipped/>
  </testcase> <!-- RegisteredUser_NextShipping_Master -->
  <testcase name="RegisteredUser_GroundShipping_Amex" classname="suite.test.RegisteredCheckoutTest">
    <skipped/>
  </testcase> <!-- RegisteredUser_GroundShipping_Amex -->
  <testcase name="RegisteredUser_SecondShipping_Disc" classname="suite.test.RegisteredCheckoutTest">
    <skipped/>
  </testcase> <!-- RegisteredUser_SecondShipping_Disc -->
  <testcase name="RegisteredUser_GroundShipping_Visa_2" classname="suite.test.RegisteredCheckoutTest">
    <skipped/>
  </testcase> <!-- RegisteredUser_GroundShipping_Visa_2 -->
  <testcase name="RegisteredUser_GroundShipping_Visa_1" classname="suite.test.RegisteredCheckoutTest">
    <skipped/>
  </testcase> <!-- RegisteredUser_GroundShipping_Visa_1 -->
  <testcase name="RegisteredUser_NextDayShipping_PaypalCredit" classname="suite.test.RegisteredCheckoutTest">
    <skipped/>
  </testcase> <!-- RegisteredUser_NextDayShipping_PaypalCredit -->
  <testcase name="RegisteredUser_SecondShipping_Master" classname="suite.test.RegisteredCheckoutTest">
    <skipped/>
  </testcase> <!-- RegisteredUser_SecondShipping_Master -->
  <testcase name="RegisteredUser_GroundShipping_Paypal" classname="suite.test.RegisteredCheckoutTest">
    <skipped/>
  </testcase> <!-- RegisteredUser_GroundShipping_Paypal -->
  <testcase name="RegisteredUser_GroundShipping_Disc" classname="suite.test.RegisteredCheckoutTest">
    <skipped/>
  </testcase> <!-- RegisteredUser_GroundShipping_Disc -->
  <testcase name="RegisteredUser_GroundShipping_PaypalCredit" classname="suite.test.RegisteredCheckoutTest">
    <skipped/>
  </testcase> <!-- RegisteredUser_GroundShipping_PaypalCredit -->
  <testcase name="RegisteredUser_NextShipping_Visa" classname="suite.test.RegisteredCheckoutTest">
    <skipped/>
  </testcase> <!-- RegisteredUser_NextShipping_Visa -->
  <testcase name="RegisteredUser_SecondDayShipping_PaypalCredit" classname="suite.test.RegisteredCheckoutTest">
    <skipped/>
  </testcase> <!-- RegisteredUser_SecondDayShipping_PaypalCredit -->
  <testcase name="RegisteredUser_SecondShipping_Paypal" classname="suite.test.RegisteredCheckoutTest">
    <skipped/>
  </testcase> <!-- RegisteredUser_SecondShipping_Paypal -->
  <testcase name="RegisteredUser_SecondShipping_Visa" classname="suite.test.RegisteredCheckoutTest">
    <skipped/>
  </testcase> <!-- RegisteredUser_SecondShipping_Visa -->
  <testcase name="RegisteredUser_NextShipping_Amex" classname="suite.test.RegisteredCheckoutTest">
    <skipped/>
  </testcase> <!-- RegisteredUser_NextShipping_Amex -->
</testsuite> <!-- suite.test.RegisteredCheckoutTest -->
